<?xml version="1.0" encoding="UTF-8"?>
<testsuite xmlns:xsi="http://www.w3.org/2001/XMLSchema-instance" xsi:noNamespaceSchemaLocation="https://maven.apache.org/surefire/maven-surefire-plugin/xsd/surefire-test-report.xsd" name="hra.levelTest" time="0" tests="3" errors="3" skipped="0" failures="0">
  <properties>
[...]
</properties>
  <testcase name="testAnaliseText" classname="hra.levelTest" time="0">
    <error message="input == null!" type="java.lang.IllegalArgumentException">java.lang.IllegalArgumentException: input == null!
	at hra.levelTest.setUp(levelTest.java:21)
</error>
  </testcase>
  <testcase name="testPlayerInventory" classname="hra.levelTest" time="0">
    <error message="input == null!" type="java.lang.IllegalArgumentException">java.lang.IllegalArgumentException: input == null!
	at hra.levelTest.setUp(levelTest.java:21)
</error>
  </testcase>
  <testcase name="testLoadLevel" classname="hra.levelTest" time="0">
    <error message="input == null!" type="java.lang.IllegalArgumentException">java.lang.IllegalArgumentException: input == null!
	at hra.levelTest.setUp(levelTest.java:21)
</error>
  </testcase>
</testsuite>